twa/app/build/outputs/mapping/release/seeds.txt
in.upturf.app.LauncherActivity
in.upturf.app.LauncherActivity: LauncherActivity()
in.upturf.app.Application
in.upturf.app.DelegationService: DelegationService()
in.upturf.app.Application: Application()
in.upturf.app.DelegationService
...
androidx.browser.trusted.TrustedWebActivityService: TrustedWebActivityService()
androidx.lifecycle.Lifecycle$Event: androidx.lifecycle.Lifecycle$Event ON_PAUSE
com.google.android.gms.location.LocationAvailability: android.os.Parcelable$Creator CREATOR
androidx.versionedparcelable.ParcelImpl: android.os.Parcelable$Creator CREATOR
com.google.android.gms.dynamite.DynamiteModule$DynamiteLoaderClassLoader
com.google.androidbrowserhelper.locationdelegation.PermissionRequestActivity: PermissionRequestActivity()
com.google.android.gms.internal.location.zzbf: android.os.Parcelable$Creator CREATOR
androidx.annotation.Keep
androidx.core.graphics.drawable.IconCompatParcelizer: androidx.core.graphics.drawable.IconCompat read(androidx.versionedparcelable.VersionedParcel)
androidx.lifecycle.Lifecycle$Event: androidx.lifecycle.Lifecycle$Event ON_ANY
androidx.fragment.app.FragmentState: android.os.Parcelable$Creator CREATOR
androidx.lifecycle.ReflectiveGenericLifecycleObserver
com.google.android.gms.common.Feature: android.os.Parcelable$Creator CREATOR
android.support.v4.app.RemoteActionCompatParcelizer: void write(androidx.core.app.RemoteActionCompat,androidx.versionedparcelable.VersionedParcel)
androidx.browser.browseractions.BrowserActionsFallbackMenuView
androidx.lifecycle.Lifecycle$State: androidx.lifecycle.Lifecycle$State valueOf(java.lang.String)
androidx.lifecycle.Lifecycle$Event: androidx.lifecycle.Lifecycle$Event ON_RESUME
com.google.android.gms.common.internal.GetServiceRequest: android.os.Parcelable$Creator CREATOR
com.google.android.gms.common.internal.ClientIdentity: android.os.Parcelable$Creator CREATOR
android.support.v4.app.RemoteActionCompatParcelizer: RemoteActionCompatParcelizer()
androidx.lifecycle.SingleGeneratedAdapterObserver
com.google.android.gms.location.zzj: android.os.Parcelable$Creator CREATOR
com.google.android.gms.common.ConnectionResult: android.os.Parcelable$Creator CREATOR
com.google.android.gms.dynamite.DynamiteModule$DynamiteLoaderClassLoader: DynamiteModule$DynamiteLoaderClassLoader()
androidx.core.app.RemoteActionCompatParcelizer: RemoteActionCompatParcelizer()
com.google.android.gms.common.annotation.KeepName
com.google.android.gms.dynamite.DynamiteModule$DynamiteLoaderClassLoader: java.lang.ClassLoader sClassLoader
android.support.v4.graphics.drawable.IconCompatParcelizer: androidx.core.graphics.drawable.IconCompat read(androidx.versionedparcelable.VersionedParcel)
androidx.loader.app.LoaderManagerImpl$LoaderViewModel: LoaderManagerImpl$LoaderViewModel()
com.google.android.gms.internal.location.zzad: android.os.Parcelable$Creator CREATOR
com.google.android.gms.internal.location.zzo: android.os.Parcelable$Creator CREATOR
androidx.core.app.RemoteActionCompatParcelizer
com.google.android.gms.signin.internal.zah: android.os.Parcelable$Creator CREATOR
com.google.android.gms.common.api.GoogleApiActivity: GoogleApiActivity()
com.google.android.gms.internal.location.zzm: android.os.Parcelable$Creator CREATOR
com.google.androidbrowserhelper.trusted.ManageDataLauncherActivity: ManageDataLauncherActivity()
com.google.android.gms.common.api.Scope: android.os.Parcelable$Creator CREATOR
androidx.core.app.CoreComponentFactory
androidx.core.app.CoreComponentFactory: CoreComponentFactory()
com.google.android.gms.common.api.internal.LifecycleCallback
com.google.androidbrowserhelper.trusted.FocusActivity: FocusActivity()
com.google.android.gms.common.internal.ResolveAccountRequest: android.os.Parcelable$Creator CREATOR
com.google.androidbrowserhelper.trusted.LauncherActivity: LauncherActivity()
android.support.v4.app.RemoteActionCompatParcelizer: androidx.core.app.RemoteActionCompat read(androidx.versionedparcelable.VersionedParcel)
androidx.lifecycle.Lifecycle$Event: androidx.lifecycle.Lifecycle$Event ON_CREATE
androidx.lifecycle.FullLifecycleObserverAdapter
androidx.core.graphics.drawable.IconCompatParcelizer: void write(androidx.core.graphics.drawable.IconCompat,androidx.versionedparcelable.VersionedParcel)