twa/app/build/outputs/mapping/release/mapping.txt
# compiler: R8
# compiler_version: 2.1.86
# min_api: 19
# pg_map_id: b5e0eb7
# common_typos_disable
in.upturf.app.LauncherActivity -> in.upturf.app.LauncherActivity:
    android.net.Uri getLaunchingUrl() -> f
...
com.google.android.gms.tasks.zzr -> c.a.a.a.f.g:
    java.util.Queue zzt -> b
    java.lang.Object mLock -> a
    boolean zzu -> c
    void zza(com.google.android.gms.tasks.Task) -> a
    void zza(com.google.android.gms.tasks.zzq) -> b
com.google.android.gms.tasks.zzu -> c.a.a.a.f.h:
    java.lang.Exception zzab -> f
    com.google.android.gms.tasks.zzr zzx -> b
    java.lang.Object zzaa -> e
    java.lang.Object mLock -> a
    boolean zzy -> c
    boolean zzz -> d
    com.google.android.gms.tasks.Task addOnCompleteListener(java.util.concurrent.Executor,com.google.android.gms.tasks.OnCompleteListener) -> a
    java.lang.Exception getException() -> b
    boolean isSuccessful() -> c
    void setException(java.lang.Exception) -> d
    void setResult(java.lang.Object) -> e
    boolean trySetException(java.lang.Exception) -> f
    boolean trySetResult(java.lang.Object) -> g
    void zzc() -> h
    void zze() -> i
com.google.androidbrowserhelper.R$drawable -> c.a.b.a:
    int ic_site_settings -> a
com.google.androidbrowserhelper.R$string -> c.a.b.b:
    int manage_space_not_supported_toast -> b
    int manage_space_no_data_toast -> a
com.google.androidbrowserhelper.locationdelegation.-$$Lambda$PermissionRequestActivity$mByKzdwP2itf5NQStit--RILQMM -> com.google.androidbrowserhelper.locationdelegation.a:
    androidx.browser.trusted.TrustedWebActivityCallbackRemote f$0 -> a
com.google.androidbrowserhelper.locationdelegation.LocationDelegationExtraCommandHandler -> com.google.androidbrowserhelper.locationdelegation.b:
    com.google.androidbrowserhelper.locationdelegation.LocationProvider mLocationProvider -> a
    android.os.Bundle handleExtraCommand(android.content.Context,java.lang.String,android.os.Bundle,androidx.browser.trusted.TrustedWebActivityCallbackRemote) -> a
    com.google.androidbrowserhelper.locationdelegation.LocationProvider getLocationProvider(android.content.Context) -> b
    void requestPermission(android.content.Context,androidx.browser.trusted.TrustedWebActivityCallbackRemote) -> c
    void startLocationProvider(android.content.Context,androidx.browser.trusted.TrustedWebActivityCallbackRemote,boolean) -> d
    void stopLocationProvider(android.content.Context) -> e
com.google.androidbrowserhelper.locationdelegation.LocationProvider -> com.google.androidbrowserhelper.locationdelegation.c:
    androidx.browser.trusted.TrustedWebActivityCallbackRemote mCallback -> a
    com.google.androidbrowserhelper.locationdelegation.LocationProvider create(android.content.Context) -> b
    void notifyLocationErrorWithMessage(java.lang.String) -> d
    void onNewLocationAvailable(android.location.Location) -> f
    void start(androidx.browser.trusted.TrustedWebActivityCallbackRemote,boolean) -> g
    void stop() -> i
com.google.androidbrowserhelper.locationdelegation.LocationProviderAndroid -> com.google.androidbrowserhelper.locationdelegation.d:
    android.content.Context mContext -> d
    boolean mIsRunning -> c
    android.location.LocationManager mLocationManager -> b
    void start(androidx.browser.trusted.TrustedWebActivityCallbackRemote,boolean) -> g
    void stop() -> i
    void createLocationManagerIfNeeded() -> j
    boolean isOnlyPassiveLocationProviderEnabled() -> k
    void registerForLocationUpdates(boolean) -> l
    void unregisterFromLocationUpdates() -> m
    boolean usePassiveOneShotLocation() -> n