twa/app/build/outputs/mapping/release/usage.txt
in.upturf.app.R$raw
in.upturf.app.R$color
in.upturf.app.R$string
in.upturf.app.R$layout
in.upturf.app.R$attr
in.upturf.app.R$style
in.upturf.app.R$dimen
in.upturf.app.R$xml
in.upturf.app.R$styleable
in.upturf.app.R$mipmap
in.upturf.app.R$id
in.upturf.app.R
in.upturf.app.R$drawable
in.upturf.app.R$integer
in.upturf.app.BuildConfig
in.upturf.app.R$bool
...
androidx.customview.view.AbsSavedState$2
com.google.android.gms.common.api.Api$Client:
    public abstract boolean requiresAccount()
    public abstract com.google.android.gms.common.Feature[] getRequiredFeatures()
androidx.annotation.GuardedBy
in.upturf.twa.LauncherActivity
com.google.android.gms.common.util.zza
androidx.core.R$integer
com.google.android.gms.base.R$id
com.google.android.gms.location.FusedLocationProviderApi:
    public abstract com.google.android.gms.location.LocationAvailability getLocationAvailability(com.google.android.gms.common.api.GoogleApiClient)
    public abstract com.google.android.gms.common.api.PendingResult requestLocationUpdates(com.google.android.gms.common.api.GoogleApiClient,com.google.android.gms.location.LocationRequest,com.google.android.gms.location.LocationListener)
    public abstract com.google.android.gms.common.api.PendingResult requestLocationUpdates(com.google.android.gms.common.api.GoogleApiClient,com.google.android.gms.location.LocationRequest,com.google.android.gms.location.LocationCallback,android.os.Looper)
    public abstract com.google.android.gms.common.api.PendingResult requestLocationUpdates(com.google.android.gms.common.api.GoogleApiClient,com.google.android.gms.location.LocationRequest,android.app.PendingIntent)
    public abstract com.google.android.gms.common.api.PendingResult removeLocationUpdates(com.google.android.gms.common.api.GoogleApiClient,android.app.PendingIntent)
    public abstract com.google.android.gms.common.api.PendingResult removeLocationUpdates(com.google.android.gms.common.api.GoogleApiClient,com.google.android.gms.location.LocationCallback)
    public abstract com.google.android.gms.common.api.PendingResult setMockMode(com.google.android.gms.common.api.GoogleApiClient,boolean)
com.google.android.gms.common.api.ResultTransform:
    public void <init>()
    public final com.google.android.gms.common.api.PendingResult createFailedResult(com.google.android.gms.common.api.Status)
androidx.cursoradapter.widget.ResourceCursorAdapter
androidx.core.content.res.FontResourcesParserCompat$FamilyResourceEntry
com.google.android.gms.internal.location.zzaf:
    private final com.google.android.gms.common.api.PendingResult zza(com.google.android.gms.common.api.GoogleApiClient,com.google.android.gms.location.zzal)
    public final com.google.android.gms.common.api.PendingResult addGeofences(com.google.android.gms.common.api.GoogleApiClient,java.util.List,android.app.PendingIntent)
    public final com.google.android.gms.common.api.PendingResult addGeofences(com.google.android.gms.common.api.GoogleApiClient,com.google.android.gms.location.GeofencingRequest,android.app.PendingIntent)
    public final com.google.android.gms.common.api.PendingResult removeGeofences(com.google.android.gms.common.api.GoogleApiClient,android.app.PendingIntent)
    public final com.google.android.gms.common.api.PendingResult removeGeofences(com.google.android.gms.common.api.GoogleApiClient,java.util.List)
com.google.android.gms.dynamic.OnDelegateCreatedListener
androidx.core.widget.ListViewAutoScrollHelper
androidx.viewpager.widget.ViewPager$OnAdapterChangeListener
com.google.android.gms.common.internal.IAccountAccessor$Stub:
    public void <init>()
    protected final boolean zza(int,android.os.Parcel,android.os.Parcel,int)
com.google.android.gms.common.internal.ApiExceptionUtil
androidx.core.util.Pools$SynchronizedPool
androidx.arch.core.executor.ArchTaskExecutor:
    public static java.util.concurrent.Executor getMainThreadExecutor()
    public static java.util.concurrent.Executor getIOThreadExecutor()
    public void setDelegate(androidx.arch.core.executor.TaskExecutor)
com.google.android.gms.dynamic.IFragmentWrapper$Stub$zza
com.google.android.gms.common.server.converter.zaa
androidx.annotation.InspectableProperty
androidx.core.app.ShareCompat
androidx.core.content.SharedPreferencesCompat$EditorCompat
com.google.android.gms.common.zaa
androidx.customview.widget.ViewDragHelper$1